<?xml version="1.0" encoding="UTF-8"?>
<!-- Generated by org.testng.reporters.JUnitXMLReporter -->
<testsuite ignored="10" hostname="DESKTOP-COEV6PK" failures="0" tests="21" name="Test" time="0.198" errors="0" timestamp="2022-05-09T16:40:52 EET">
  <testcase classname="tests.TestBase" name="@BeforeSuite startDriver" time="0.029">
    <failure type="java.lang.IllegalStateException" message="The path to the driver executable must be set by the phantomjs.binary.path capability/system property/PATH variable; for more information, see https://github.com/ariya/phantomjs/wiki. The latest version can be downloaded from http://phantomjs.org/download.html">
      <![CDATA[java.lang.IllegalStateException: The path to the driver executable must be set by the phantomjs.binary.path capability/system property/PATH variable; for more information, see https://github.com/ariya/phantomjs/wiki. The latest version can be downloaded from http://phantomjs.org/download.html
at com.google.common.base.Preconditions.checkState(Preconditions.java:840)
at org.openqa.selenium.phantomjs.PhantomJSDriverService.findPhantomJS(PhantomJSDriverService.java:236)
at org.openqa.selenium.phantomjs.PhantomJSDriverService.createDefaultService(PhantomJSDriverService.java:181)
at org.openqa.selenium.phantomjs.PhantomJSDriver.<init>(PhantomJSDriver.java:110)
at tests.TestBase.startDriver(TestBase.java:80)
... Removed 19 stack frames]]>
    </failure>
  </testcase> <!-- @BeforeSuite startDriver -->
  <testcase classname="tests.TestBase" name="@AfterMethod screenshotonFailure" time="0.0">
    <skipped/>
  </testcase> <!-- @AfterMethod screenshotonFailure -->
  <testcase classname="tests.TestBase" name="@AfterMethod screenshotonFailure" time="0.0">
    <skipped/>
  </testcase> <!-- @AfterMethod screenshotonFailure -->
  <testcase classname="tests.TestBase" name="@AfterMethod screenshotonFailure" time="0.0">
    <skipped/>
  </testcase> <!-- @AfterMethod screenshotonFailure -->
  <testcase classname="tests.TestBase" name="@AfterMethod screenshotonFailure" time="0.0">
    <skipped/>
  </testcase> <!-- @AfterMethod screenshotonFailure -->
  <testcase classname="tests.TestBase" name="@AfterMethod screenshotonFailure" time="0.0">
    <skipped/>
  </testcase> <!-- @AfterMethod screenshotonFailure -->
  <testcase classname="tests.TestBase" name="@AfterMethod screenshotonFailure" time="0.0">
    <skipped/>
  </testcase> <!-- @AfterMethod screenshotonFailure -->
  <testcase classname="tests.TestBase" name="@AfterMethod screenshotonFailure" time="0.0">
    <skipped/>
  </testcase> <!-- @AfterMethod screenshotonFailure -->
  <testcase classname="tests.TestBase" name="@AfterMethod screenshotonFailure" time="0.0">
    <skipped/>
  </testcase> <!-- @AfterMethod screenshotonFailure -->
  <testcase classname="tests.TestBase" name="@AfterMethod screenshotonFailure" time="0.0">
    <skipped/>
  </testcase> <!-- @AfterMethod screenshotonFailure -->
  <testcase classname="tests.TestBase" name="@AfterMethod screenshotonFailure" time="0.0">
    <skipped/>
  </testcase> <!-- @AfterMethod screenshotonFailure -->
  <testcase classname="tests.TestBase" name="@AfterMethod screenshotonFailure" time="0.0">
    <skipped/>
  </testcase> <!-- @AfterMethod screenshotonFailure -->
  <testcase classname="tests.TestBase" name="@AfterMethod screenshotonFailure" time="0.0">
    <skipped/>
  </testcase> <!-- @AfterMethod screenshotonFailure -->
  <testcase classname="tests.ContactUsTest" name="completeOrder" time="0.0">
    <skipped/>
  </testcase> <!-- completeOrder -->
  <testcase classname="tests.EmailFriendTest" name="completeOrder" time="0.0">
    <skipped/>
  </testcase> <!-- completeOrder -->
  <testcase classname="tests.SearchProductTest" name="completeOrder" time="0.0">
    <skipped/>
  </testcase> <!-- completeOrder -->
  <testcase classname="tests.ShoppingCartTest" name="completeOrder" time="0.001">
    <skipped/>
  </testcase> <!-- completeOrder -->
  <testcase classname="tests.hoverMenuTset" name="completeOrder" time="0.001">
    <skipped/>
  </testcase> <!-- completeOrder -->
  <testcase classname="tests.ReviewTest" name="completeOrder" time="0.0">
    <skipped/>
  </testcase> <!-- completeOrder -->
  <testcase classname="tests.SearchProductTest" name="userCanSearchForProduct" time="0.0">
    <skipped/>
  </testcase> <!-- userCanSearchForProduct -->
  <testcase classname="tests.hoverMenuTset" name="userOpennootbookspage" time="0.0">
    <skipped/>
  </testcase> <!-- userOpennootbookspage -->
  <testcase classname="tests.ContactUsTest" name="userUseContactUsQuery" time="0.0">
    <skipped/>
  </testcase> <!-- userUseContactUsQuery -->
  <testcase classname="tests.ReviewTest" name="userCanRegiset" time="0.0">
    <skipped/>
  </testcase> <!-- userCanRegiset -->
  <testcase classname="tests.ReviewTest" name="userSearchProduct" time="0.0">
    <skipped/>
  </testcase> <!-- userSearchProduct -->
  <testcase classname="tests.ReviewTest" name="userAddReview" time="0.0">
    <skipped/>
  </testcase> <!-- userAddReview -->
  <testcase classname="tests.ReviewTest" name="userCanLogout" time="0.0">
    <skipped/>
  </testcase> <!-- userCanLogout -->
  <testcase classname="tests.ShoppingCartTest" name="userCanSearchForProduct" time="0.0">
    <skipped/>
  </testcase> <!-- userCanSearchForProduct -->
  <testcase classname="tests.ShoppingCartTest" name="userAddProductToCart" time="0.0">
    <skipped/>
  </testcase> <!-- userAddProductToCart -->
  <testcase classname="tests.ShoppingCartTest" name="openCart" time="0.0">
    <skipped/>
  </testcase> <!-- openCart -->
  <testcase classname="tests.ShoppingCartTest" name="checkingProduct" time="0.0">
    <skipped/>
  </testcase> <!-- checkingProduct -->
  <testcase classname="tests.ShoppingCartTest" name="addQty" time="0.0">
    <skipped/>
  </testcase> <!-- addQty -->
  <testcase classname="tests.EmailFriendTest" name="userCanTestSucessfully" time="0.0">
    <skipped/>
  </testcase> <!-- userCanTestSucessfully -->
  <testcase classname="tests.EmailFriendTest" name="searchProductUsingAutoSuggest" time="0.0">
    <skipped/>
  </testcase> <!-- searchProductUsingAutoSuggest -->
  <testcase classname="tests.EmailFriendTest" name="userEmailFriendSucsessfully" time="0.001">
    <skipped/>
  </testcase> <!-- userEmailFriendSucsessfully -->
  <testcase classname="tests.TestBase" name="@BeforeSuite startDriver" time="0.0">
    <ignored/>
  </testcase> <!-- @BeforeSuite startDriver -->
  <testcase classname="tests.TestBase" name="@AfterSuite stopDriver" time="0.0">
    <ignored/>
  </testcase> <!-- @AfterSuite stopDriver -->
  <testcase classname="tests.TestBase" name="@BeforeSuite startDriver" time="0.0">
    <ignored/>
  </testcase> <!-- @BeforeSuite startDriver -->
  <testcase classname="tests.TestBase" name="@AfterSuite stopDriver" time="0.0">
    <ignored/>
  </testcase> <!-- @AfterSuite stopDriver -->
  <testcase classname="tests.TestBase" name="@BeforeSuite startDriver" time="0.0">
    <ignored/>
  </testcase> <!-- @BeforeSuite startDriver -->
  <testcase classname="tests.TestBase" name="@AfterSuite stopDriver" time="0.0">
    <ignored/>
  </testcase> <!-- @AfterSuite stopDriver -->
  <testcase classname="tests.TestBase" name="@AfterSuite stopDriver" time="0.0">
    <ignored/>
  </testcase> <!-- @AfterSuite stopDriver -->
  <testcase classname="tests.TestBase" name="@BeforeSuite startDriver" time="0.0">
    <ignored/>
  </testcase> <!-- @BeforeSuite startDriver -->
  <testcase classname="tests.TestBase" name="@AfterSuite stopDriver" time="0.0">
    <ignored/>
  </testcase> <!-- @AfterSuite stopDriver -->
  <testcase classname="tests.TestBase" name="@BeforeSuite startDriver" time="0.0">
    <ignored/>
  </testcase> <!-- @BeforeSuite startDriver -->
</testsuite> <!-- Test -->
