<?xml version="1.0" encoding="UTF-8"?>
<testsuite xmlns:xsi="http://www.w3.org/2001/XMLSchema-instance" xsi:noNamespaceSchemaLocation="https://maven.apache.org/surefire/maven-surefire-plugin/xsd/surefire-test-report-3.0.xsd" version="3.0" name="TestSuite" time="73.479" tests="48" errors="0" skipped="22" failures="0">
  <properties>
[...]
</properties>
  <testcase name="UserchangeCurrencySucsessfuly" classname="tests.CurrencySelectTest" time="0.973">
    <system-err><![CDATA[Starting ChromeDriver 99.0.4844.51 (d537ec02474b5afe23684e7963d538896c63ac77-refs/branch-heads/4844@{#875}) on port 61667
Only local connections are allowed.
Please see https://chromedriver.chromium.org/security-considerations for suggestions on keeping ChromeDriver safe.
ChromeDriver was started successfully.
[1651093771.299][WARNING]: This version of ChromeDriver has not been tested with Chrome version 100.
Apr 27, 2022 11:09:31 PM org.openqa.selenium.remote.ProtocolHandshake createSession
INFO: Detected dialect: W3C
Apr 27, 2022 11:09:31 PM org.openqa.selenium.devtools.CdpVersionFinder findNearestMatch
WARNING: Unable to find an exact match for CDP version 100, so returning the closest version found: 99
Apr 27, 2022 11:09:31 PM org.openqa.selenium.devtools.CdpVersionFinder findNearestMatch
INFO: Found CDP implementation for version 100 of 99
]]></system-err>
  </testcase>
  <testcase name="completeOrder" classname="tests.CurrencySelectTest" time="0.457"/>
  <testcase name="completeOrder" classname="tests.CheckoutAsGuestTest" time="0.511"/>
  <testcase name="userCanSearchForProduct" classname="tests.CheckoutAsGuestTest" time="4.195"/>
  <testcase name="userAddProductToCart" classname="tests.CheckoutAsGuestTest" time="0.045"/>
  <testcase name="opencheckoutpage" classname="tests.CheckoutAsGuestTest" time="0">
    <skipped message="Method tests.CheckoutAsGuestTest.opencheckoutpage() on instance tests.CheckoutAsGuestTest@6913c1fb depends on not successfully finished methods &#10;[tests.CheckoutAsGuestTest.openCart() on instance tests.CheckoutAsGuestTest@6913c1fb]"/>
    <system-out><![CDATA[falid
taking screenshot...
]]></system-out>
  </testcase>
  <testcase name="checkAsGuest" classname="tests.CheckoutAsGuestTest" time="0">
    <skipped message="Method tests.CheckoutAsGuestTest.checkAsGuest() on instance tests.CheckoutAsGuestTest@6913c1fb depends on not successfully finished methods &#10;[tests.CheckoutAsGuestTest.opencheckoutpage() on instance tests.CheckoutAsGuestTest@6913c1fb]"/>
  </testcase>
  <testcase name="fillBillingAddress" classname="tests.CheckoutAsGuestTest" time="0">
    <skipped message="Method tests.CheckoutAsGuestTest.fillBillingAddress() on instance tests.CheckoutAsGuestTest@6913c1fb depends on not successfully finished methods &#10;[tests.CheckoutAsGuestTest.checkAsGuest() on instance tests.CheckoutAsGuestTest@6913c1fb]"/>
  </testcase>
  <testcase name="groundShippingMethod" classname="tests.CheckoutAsGuestTest" time="0">
    <skipped message="Method tests.CheckoutAsGuestTest.groundShippingMethod() on instance tests.CheckoutAsGuestTest@6913c1fb depends on not successfully finished methods &#10;[tests.CheckoutAsGuestTest.fillBillingAddress() on instance tests.CheckoutAsGuestTest@6913c1fb]"/>
  </testcase>
  <testcase name="creditCardPaymentMethod" classname="tests.CheckoutAsGuestTest" time="0">
    <skipped message="Method tests.CheckoutAsGuestTest.creditCardPaymentMethod() on instance tests.CheckoutAsGuestTest@6913c1fb depends on not successfully finished methods &#10;[tests.CheckoutAsGuestTest.groundShippingMethod() on instance tests.CheckoutAsGuestTest@6913c1fb]"/>
  </testcase>
  <testcase name="PaymentInformation" classname="tests.CheckoutAsGuestTest" time="0">
    <skipped message="Method tests.CheckoutAsGuestTest.PaymentInformation() on instance tests.CheckoutAsGuestTest@6913c1fb depends on not successfully finished methods &#10;[tests.CheckoutAsGuestTest.creditCardPaymentMethod() on instance tests.CheckoutAsGuestTest@6913c1fb]"/>
  </testcase>
  <testcase name="confirmOrder" classname="tests.CheckoutAsGuestTest" time="0">
    <skipped message="Method tests.CheckoutAsGuestTest.confirmOrder() on instance tests.CheckoutAsGuestTest@6913c1fb depends on not successfully finished methods &#10;[tests.CheckoutAsGuestTest.PaymentInformation() on instance tests.CheckoutAsGuestTest@6913c1fb]"/>
  </testcase>
  <testcase name="openOrderDetailslink" classname="tests.CheckoutAsGuestTest" time="0">
    <skipped message="Method tests.CheckoutAsGuestTest.openOrderDetailslink() on instance tests.CheckoutAsGuestTest@6913c1fb depends on not successfully finished methods &#10;[tests.CheckoutAsGuestTest.confirmOrder() on instance tests.CheckoutAsGuestTest@6913c1fb]"/>
  </testcase>
  <testcase name="downloadInvoic" classname="tests.CheckoutAsGuestTest" time="0">
    <skipped message="Method tests.CheckoutAsGuestTest.downloadInvoic() on instance tests.CheckoutAsGuestTest@6913c1fb depends on not successfully finished methods &#10;[tests.CheckoutAsGuestTest.openOrderDetailslink() on instance tests.CheckoutAsGuestTest@6913c1fb]"/>
  </testcase>
  <testcase name="printOrder" classname="tests.CheckoutAsGuestTest" time="0">
    <skipped message="Method tests.CheckoutAsGuestTest.printOrder() on instance tests.CheckoutAsGuestTest@6913c1fb depends on not successfully finished methods &#10;[tests.CheckoutAsGuestTest.downloadInvoic() on instance tests.CheckoutAsGuestTest@6913c1fb]"/>
  </testcase>
  <testcase name="completeOrder" classname="tests.ComparisonTest" time="0.524"/>
  <testcase name="usercanAddSecondItemToproduct" classname="tests.ComparisonTest" time="0">
    <skipped message="Method tests.ComparisonTest.usercanAddSecondItemToproduct() on instance tests.ComparisonTest@587e5365 depends on not successfully finished methods &#10;[tests.ComparisonTest.usercanAddFirstItemToproduct() on instance tests.ComparisonTest@587e5365]"/>
    <system-out><![CDATA[falid
taking screenshot...
]]></system-out>
  </testcase>
  <testcase name="completeOrder" classname="tests.ContactUsTest" time="0.442"/>
  <testcase name="userUseContactUsQuery" classname="tests.ContactUsTest" time="1.405"/>
  <testcase name="completeOrder" classname="tests.EmailFriendTest" time="0.435"/>
  <testcase name="searchProductUsingAutoSuggest" classname="tests.EmailFriendTest" time="0">
    <skipped message="Method tests.EmailFriendTest.searchProductUsingAutoSuggest() on instance tests.EmailFriendTest@ae13544 depends on not successfully finished methods &#10;[tests.EmailFriendTest.userCanTestSucessfully() on instance tests.EmailFriendTest@ae13544]"/>
    <system-out><![CDATA[falid
taking screenshot...
]]></system-out>
  </testcase>
  <testcase name="userEmailFriendSucsessfully" classname="tests.EmailFriendTest" time="0">
    <skipped message="Method tests.EmailFriendTest.userEmailFriendSucsessfully() on instance tests.EmailFriendTest@ae13544 depends on not successfully finished methods &#10;[tests.EmailFriendTest.searchProductUsingAutoSuggest() on instance tests.EmailFriendTest@ae13544]"/>
  </testcase>
  <testcase name="completeOrder" classname="tests.JewelerytSortByTest" time="0.491"/>
  <testcase name="userChangeSortionSucsessfully" classname="tests.JewelerytSortByTest" time="0.78"/>
  <testcase name="completeOrder" classname="tests.SearchProductByAutocompleteTest" time="0.447"/>
  <testcase name="searchProductUsingAutoSuggest" classname="tests.SearchProductByAutocompleteTest" time="2.806"/>
  <testcase name="completeOrder" classname="tests.SearchProductTest" time="0.48"/>
  <testcase name="userCanSearchForProduct" classname="tests.SearchProductTest" time="1.642"/>
  <testcase name="completeOrder" classname="tests.ShoppingCartTest" time="0.443"/>
  <testcase name="userAddProductToCart" classname="tests.ShoppingCartTest" time="0">
    <skipped message="Method tests.ShoppingCartTest.userAddProductToCart() on instance tests.ShoppingCartTest@43c1b556 depends on not successfully finished methods &#10;[tests.ShoppingCartTest.userCanSearchForProduct() on instance tests.ShoppingCartTest@43c1b556]"/>
    <system-out><![CDATA[falid
taking screenshot...
]]></system-out>
  </testcase>
  <testcase name="openCart" classname="tests.ShoppingCartTest" time="0">
    <skipped message="Method tests.ShoppingCartTest.openCart() on instance tests.ShoppingCartTest@43c1b556 depends on not successfully finished methods &#10;[tests.ShoppingCartTest.userAddProductToCart() on instance tests.ShoppingCartTest@43c1b556]"/>
  </testcase>
  <testcase name="checkingProduct" classname="tests.ShoppingCartTest" time="0">
    <skipped message="Method tests.ShoppingCartTest.checkingProduct() on instance tests.ShoppingCartTest@43c1b556 depends on not successfully finished methods &#10;[tests.ShoppingCartTest.openCart() on instance tests.ShoppingCartTest@43c1b556]"/>
  </testcase>
  <testcase name="addQty" classname="tests.ShoppingCartTest" time="0">
    <skipped message="Method tests.ShoppingCartTest.addQty() on instance tests.ShoppingCartTest@43c1b556 depends on not successfully finished methods &#10;[tests.ShoppingCartTest.checkingProduct() on instance tests.ShoppingCartTest@43c1b556]"/>
  </testcase>
  <testcase name="completeOrder" classname="tests.WishlistTset" time="0.453"/>
  <testcase name="searchForproduct" classname="tests.WishlistTset" time="2.394"/>
  <testcase name="addItemToWishist" classname="tests.WishlistTset" time="0.048"/>
  <testcase name="openwishlistPage" classname="tests.WishlistTset" time="1.314"/>
  <testcase name="removeItemFromWishlist" classname="tests.WishlistTset" time="0.454"/>
  <testcase name="completeOrder" classname="tests.hoverMenuTset" time="0.443"/>
  <testcase name="userOpennootbookspage" classname="tests.hoverMenuTset" time="0.88"/>
  <testcase name="completeOrder" classname="tests.userRegistrationTest" time="0.442"/>
  <testcase name="userCanLogoutSucessfully" classname="tests.userRegistrationTest" time="0">
    <skipped message="Method tests.userRegistrationTest.userCanLogoutSucessfully() on instance tests.userRegistrationTest@305b7c14 depends on not successfully finished methods &#10;[tests.userRegistrationTest.userCanTestSucessfully() on instance tests.userRegistrationTest@305b7c14]"/>
    <system-out><![CDATA[falid
taking screenshot...
]]></system-out>
  </testcase>
  <testcase name="userCanLoginSucesessfully" classname="tests.userRegistrationTest" time="0">
    <skipped message="Method tests.userRegistrationTest.userCanLoginSucesessfully() on instance tests.userRegistrationTest@305b7c14 depends on not successfully finished methods &#10;[tests.userRegistrationTest.userCanLogoutSucessfully() on instance tests.userRegistrationTest@305b7c14]"/>
  </testcase>
  <testcase name="completeOrder" classname="tests.ReviewTest" time="0.482"/>
  <testcase name="userSearchProduct" classname="tests.ReviewTest" time="0">
    <skipped message="Method tests.ReviewTest.userSearchProduct() on instance tests.ReviewTest@70325e14 depends on not successfully finished methods &#10;[tests.ReviewTest.userCanRegiset() on instance tests.ReviewTest@70325e14]"/>
    <system-out><![CDATA[falid
taking screenshot...
]]></system-out>
  </testcase>
  <testcase name="userAddReview" classname="tests.ReviewTest" time="0">
    <skipped message="Method tests.ReviewTest.userAddReview() on instance tests.ReviewTest@70325e14 depends on not successfully finished methods &#10;[tests.ReviewTest.userSearchProduct() on instance tests.ReviewTest@70325e14]"/>
  </testcase>
  <testcase name="userCanLogout" classname="tests.ReviewTest" time="0">
    <skipped message="Method tests.ReviewTest.userCanLogout() on instance tests.ReviewTest@70325e14 depends on not successfully finished methods &#10;[tests.ReviewTest.userAddReview() on instance tests.ReviewTest@70325e14]"/>
  </testcase>
  <testcase name="userCanLoginSucesessfully" classname="tests.userLoginTest" time="1.187"/>
</testsuite>