<?xml version="1.0" encoding="UTF-8"?>
<testng-results ignored="0" total="3" passed="3" failed="0" skipped="0">
  <reporter-output>
  </reporter-output>
  <suite started-at="2022-05-08T13:31:28 EET" name="Default suite" finished-at="2022-05-08T13:31:40 EET" duration-ms="11225">
    <groups>
      <group name="cucumber">
        <method signature="AbstractTestNGCucumberTests.runScenario(cucumber.api.testng.PickleEventWrapper,cucumber.api.testng.CucumberFeatureWrapper)[pri:0, instance:runners.TestRunner@5b07730f]" name="runScenario" class="cucumber.api.testng.AbstractTestNGCucumberTests"/>
      </group> <!-- cucumber -->
    </groups>
    <test started-at="2022-05-08T13:31:28 EET" name="Default test" finished-at="2022-05-08T13:31:40 EET" duration-ms="11225">
      <class name="runners.TestRunner">
        <test-method is-config="true" signature="startDriver(java.lang.String)[pri:0, instance:runners.TestRunner@5b07730f]" started-at="2022-05-08T13:31:24 EET" name="startDriver" finished-at="2022-05-08T13:31:28 EET" duration-ms="4450" status="PASS">
          <params>
            <param index="0">
              <value>
                <![CDATA[chrome]]>
              </value>
            </param>
          </params>
          <reporter-output>
          </reporter-output>
        </test-method> <!-- startDriver -->
        <test-method is-config="true" signature="setUpClass()[pri:0, instance:runners.TestRunner@5b07730f]" started-at="2022-05-08T13:31:28 EET" name="setUpClass" finished-at="2022-05-08T13:31:28 EET" duration-ms="60" status="PASS">
          <reporter-output>
          </reporter-output>
        </test-method> <!-- setUpClass -->
        <test-method signature="runScenario(cucumber.api.testng.PickleEventWrapper,cucumber.api.testng.CucumberFeatureWrapper)[pri:0, instance:runners.TestRunner@5b07730f]" started-at="2022-05-08T13:31:28 EET" name="runScenario" description="Runs Cucumber Scenarios" data-provider="scenarios" finished-at="2022-05-08T13:31:33 EET" duration-ms="4037" status="PASS">
          <params>
            <param index="0">
              <value>
                <![CDATA["user registraion"]]>
              </value>
            </param>
            <param index="1">
              <value>
                <![CDATA["user registration"]]>
              </value>
            </param>
          </params>
          <reporter-output>
          </reporter-output>
        </test-method> <!-- runScenario -->
        <test-method is-config="true" signature="screenshotonFailure(org.testng.ITestResult)[pri:0, instance:runners.TestRunner@5b07730f]" started-at="2022-05-08T13:31:33 EET" name="screenshotonFailure" finished-at="2022-05-08T13:31:33 EET" duration-ms="1" status="PASS">
          <params>
            <param index="0">
              <value>
                <![CDATA[[TestResult name=runScenario status=SUCCESS method=AbstractTestNGCucumberTests.runScenario(cucumber.api.testng.PickleEventWrapper,cucumber.api.testng.CucumberFeatureWrapper)[pri:0, instance:runners.TestRunner@5b07730f] output={null}]]]>
              </value>
            </param>
          </params>
          <reporter-output>
          </reporter-output>
        </test-method> <!-- screenshotonFailure -->
        <test-method signature="runScenario(cucumber.api.testng.PickleEventWrapper,cucumber.api.testng.CucumberFeatureWrapper)[pri:0, instance:runners.TestRunner@5b07730f]" started-at="2022-05-08T13:31:33 EET" name="runScenario" description="Runs Cucumber Scenarios" data-provider="scenarios" finished-at="2022-05-08T13:31:36 EET" duration-ms="3554" status="PASS">
          <params>
            <param index="0">
              <value>
                <![CDATA["user registraion"]]>
              </value>
            </param>
            <param index="1">
              <value>
                <![CDATA["user registration"]]>
              </value>
            </param>
          </params>
          <reporter-output>
          </reporter-output>
        </test-method> <!-- runScenario -->
        <test-method is-config="true" signature="screenshotonFailure(org.testng.ITestResult)[pri:0, instance:runners.TestRunner@5b07730f]" started-at="2022-05-08T13:31:36 EET" name="screenshotonFailure" finished-at="2022-05-08T13:31:36 EET" duration-ms="0" status="PASS">
          <params>
            <param index="0">
              <value>
                <![CDATA[[TestResult name=runScenario status=SUCCESS method=AbstractTestNGCucumberTests.runScenario(cucumber.api.testng.PickleEventWrapper,cucumber.api.testng.CucumberFeatureWrapper)[pri:0, instance:runners.TestRunner@5b07730f] output={null}]]]>
              </value>
            </param>
          </params>
          <reporter-output>
          </reporter-output>
        </test-method> <!-- screenshotonFailure -->
        <test-method signature="runScenario(cucumber.api.testng.PickleEventWrapper,cucumber.api.testng.CucumberFeatureWrapper)[pri:0, instance:runners.TestRunner@5b07730f]" started-at="2022-05-08T13:31:36 EET" name="runScenario" description="Runs Cucumber Scenarios" data-provider="scenarios" finished-at="2022-05-08T13:31:40 EET" duration-ms="3507" status="PASS">
          <params>
            <param index="0">
              <value>
                <![CDATA["user registraion"]]>
              </value>
            </param>
            <param index="1">
              <value>
                <![CDATA["user registration"]]>
              </value>
            </param>
          </params>
          <reporter-output>
          </reporter-output>
        </test-method> <!-- runScenario -->
        <test-method is-config="true" signature="screenshotonFailure(org.testng.ITestResult)[pri:0, instance:runners.TestRunner@5b07730f]" started-at="2022-05-08T13:31:40 EET" name="screenshotonFailure" finished-at="2022-05-08T13:31:40 EET" duration-ms="1" status="PASS">
          <params>
            <param index="0">
              <value>
                <![CDATA[[TestResult name=runScenario status=SUCCESS method=AbstractTestNGCucumberTests.runScenario(cucumber.api.testng.PickleEventWrapper,cucumber.api.testng.CucumberFeatureWrapper)[pri:0, instance:runners.TestRunner@5b07730f] output={null}]]]>
              </value>
            </param>
          </params>
          <reporter-output>
          </reporter-output>
        </test-method> <!-- screenshotonFailure -->
        <test-method is-config="true" signature="tearDownClass()[pri:0, instance:runners.TestRunner@5b07730f]" started-at="2022-05-08T13:31:40 EET" name="tearDownClass" finished-at="2022-05-08T13:31:40 EET" duration-ms="18" status="PASS">
          <reporter-output>
          </reporter-output>
        </test-method> <!-- tearDownClass -->
        <test-method is-config="true" signature="stopDriver()[pri:0, instance:runners.TestRunner@5b07730f]" started-at="2022-05-08T13:31:40 EET" name="stopDriver" finished-at="2022-05-08T13:31:40 EET" duration-ms="119" status="PASS">
          <reporter-output>
          </reporter-output>
        </test-method> <!-- stopDriver -->
      </class> <!-- runners.TestRunner -->
    </test> <!-- Default test -->
  </suite> <!-- Default suite -->
</testng-results>
